{"meta": {"format": 3, "version": "7.10.5", "timestamp": "2025-11-03T04:54:42.134425", "branch_coverage": true, "show_contexts": false}, "files": {"src\\__init__.py": {"executed_lines": [], "summary": {"covered_lines": 0, "num_statements": 0, "percent_covered": 100.0, "percent_covered_display": "100", "missing_lines": 0, "excluded_lines": 0, "num_branches": 0, "num_partial_branches": 0, "covered_branches": 0, "missing_branches": 0}, "missing_lines": [], "excluded_lines": [], "executed_branches": [], "missing_branches": [], "functions": {"": {"executed_lines": [], "summary": {"covered_lines": 0, "num_statements": 0, "percent_covered": 100.0, "percent_covered_display": "100", "missing_lines": 0, "excluded_lines": 0, "num_branches": 0, "num_partial_branches": 0, "covered_branches": 0, "missing_branches": 0}, "missing_lines": [], "excluded_lines": [], "executed_branches": [], "missing_branches": []}}, "classes": {"": {"executed_lines": [], "summary": {"covered_lines": 0, "num_statements": 0, "percent_covered": 100.0, "percent_covered_display": "100", "missing_lines": 0, "excluded_lines": 0, "num_branches": 0, "num_partial_branches": 0, "covered_branches": 0, "missing_branches": 0}, "missing_lines": [], "excluded_lines": [], "executed_branches": [], "missing_branches": []}}}, "src\\business_logic.py": {"executed_lines": [1, 2, 5, 6, 7, 9, 11, 12, 13, 15, 16, 18, 20, 21, 22, 23, 25, 27, 28, 29, 30, 31, 32, 34, 37, 38, 39, 41, 42, 44, 45, 47, 48, 49, 51, 52, 53, 54, 55, 56, 58, 59, 60, 62, 63, 64, 65, 67, 68, 69, 71, 72, 73, 74, 76, 77, 78, 80, 91, 92, 94, 95, 96, 98, 99, 102, 104, 105, 106, 107, 108, 109, 111, 113, 115, 116], "summary": {"covered_lines": 76, "num_statements": 76, "percent_covered": 100.0, "percent_covered_display": "100", "missing_lines": 0, "excluded_lines": 0, "num_branches": 36, "num_partial_branches": 0, "covered_branches": 36, "missing_branches": 0}, "missing_lines": [], "excluded_lines": [], "executed_branches": [[6, 7], [6, 9], [18, 20], [18, 25], [21, 22], [21, 34], [22, 21], [22, 23], [25, 27], [25, 34], [28, 29], [28, 30], [30, 31], [30, 34], [31, 30], [31, 32], [38, -37], [38, 39], [48, -47], [48, 49], [53, 54], [53, 58], [63, 64], [63, 67], [72, 73], [72, 76], [91, 92], [91, 94], [95, 96], [95, 98], [102, 104], [102, 106], [106, 107], [106, 108], [108, 109], [108, 111]], "missing_branches": [], "functions": {"can_claim_treasure_bag": {"executed_lines": [6, 7, 9], "summary": {"covered_lines": 3, "num_statements": 3, "percent_covered": 100.0, "percent_covered_display": "100", "missing_lines": 0, "excluded_lines": 0, "num_branches": 2, "num_partial_branches": 0, "covered_branches": 2, "missing_branches": 0}, "missing_lines": [], "excluded_lines": [], "executed_branches": [[6, 7], [6, 9]], "missing_branches": []}, "claim_treasure_bag": {"executed_lines": [12, 13], "summary": {"covered_lines": 2, "num_statements": 2, "percent_covered": 100.0, "percent_covered_display": "100", "missing_lines": 0, "excluded_lines": 0, "num_branches": 0, "num_partial_branches": 0, "covered_branches": 0, "missing_branches": 0}, "missing_lines": [], "excluded_lines": [], "executed_branches": [], "missing_branches": []}, "filter_treasure_bags": {"executed_lines": [16, 18, 20, 21, 22, 23, 25, 27, 28, 29, 30, 31, 32, 34], "summary": {"covered_lines": 14, "num_statements": 14, "percent_covered": 100.0, "percent_covered_display": "100", "missing_lines": 0, "excluded_lines": 0, "num_branches": 14, "num_partial_branches": 0, "covered_branches": 14, "missing_branches": 0}, "missing_lines": [], "excluded_lines": [], "executed_branches": [[18, 20], [18, 25], [21, 22], [21, 34], [22, 21], [22, 23], [25, 27], [25, 34], [28, 29], [28, 30], [30, 31], [30, 34], [31, 30], [31, 32]], "missing_branches": []}, "update_price": {"executed_lines": [38, 39], "summary": {"covered_lines": 2, "num_statements": 2, "percent_covered": 100.0, "percent_covered_display": "100", "missing_lines": 0, "excluded_lines": 0, "num_branches": 2, "num_partial_branches": 0, "covered_branches": 2, "missing_branches": 0}, "missing_lines": [], "excluded_lines": [], "executed_branches": [[38, -37], [38, 39]], "missing_branches": []}, "update_description": {"executed_lines": [42], "summary": {"covered_lines": 1, "num_statements": 1, "percent_covered": 100.0, "percent_covered_display": "100", "missing_lines": 0, "excluded_lines": 0, "num_branches": 0, "num_partial_branches": 0, "covered_branches": 0, "missing_branches": 0}, "missing_lines": [], "excluded_lines": [], "executed_branches": [], "missing_branches": []}, "update_category": {"executed_lines": [45], "summary": {"covered_lines": 1, "num_statements": 1, "percent_covered": 100.0, "percent_covered_display": "100", "missing_lines": 0, "excluded_lines": 0, "num_branches": 0, "num_partial_branches": 0, "covered_branches": 0, "missing_branches": 0}, "missing_lines": [], "excluded_lines": [], "executed_branches": [], "missing_branches": []}, "update_quantity": {"executed_lines": [48, 49], "summary": {"covered_lines": 2, "num_statements": 2, "percent_covered": 100.0, "percent_covered_display": "100", "missing_lines": 0, "excluded_lines": 0, "num_branches": 2, "num_partial_branches": 0, "covered_branches": 2, "missing_branches": 0}, "missing_lines": [], "excluded_lines": [], "executed_branches": [[48, -47], [48, 49]], "missing_branches": []}, "complete_transaction": {"executed_lines": [52, 53, 54, 55, 56, 58, 59, 60], "summary": {"covered_lines": 8, "num_statements": 8, "percent_covered": 100.0, "percent_covered_display": "100", "missing_lines": 0, "excluded_lines": 0, "num_branches": 2, "num_partial_branches": 0, "covered_branches": 2, "missing_branches": 0}, "missing_lines": [], "excluded_lines": [], "executed_branches": [[53, 54], [53, 58]], "missing_branches": []}, "top_up": {"executed_lines": [63, 64, 65, 67, 68, 69], "summary": {"covered_lines": 6, "num_statements": 6, "percent_covered": 100.0, "percent_covered_display": "100", "missing_lines": 0, "excluded_lines": 0, "num_branches": 2, "num_partial_branches": 0, "covered_branches": 2, "missing_branches": 0}, "missing_lines": [], "excluded_lines": [], "executed_branches": [[63, 64], [63, 67]], "missing_branches": []}, "deposit": {"executed_lines": [72, 73, 74, 76, 77, 78], "summary": {"covered_lines": 6, "num_statements": 6, "percent_covered": 100.0, "percent_covered_display": "100", "missing_lines": 0, "excluded_lines": 0, "num_branches": 2, "num_partial_branches": 0, "covered_branches": 2, "missing_branches": 0}, "missing_lines": [], "excluded_lines": [], "executed_branches": [[72, 73], [72, 76]], "missing_branches": []}, "calculate_freshness_discount": {"executed_lines": [91, 92, 94, 95, 96, 98, 99, 102, 104, 105, 106, 107, 108, 109, 111, 113, 115, 116], "summary": {"covered_lines": 18, "num_statements": 18, "percent_covered": 100.0, "percent_covered_display": "100", "missing_lines": 0, "excluded_lines": 0, "num_branches": 10, "num_partial_branches": 0, "covered_branches": 10, "missing_branches": 0}, "missing_lines": [], "excluded_lines": [], "executed_branches": [[91, 92], [91, 94], [95, 96], [95, 98], [102, 104], [102, 106], [106, 107], [106, 108], [108, 109], [108, 111]], "missing_branches": []}, "": {"executed_lines": [1, 2, 5, 11, 15, 37, 41, 44, 47, 51, 62, 71, 80], "summary": {"covered_lines": 13, "num_statements": 13, "percent_covered": 100.0, "percent_covered_display": "100", "missing_lines": 0, "excluded_lines": 0, "num_branches": 0, "num_partial_branches": 0, "covered_branches": 0, "missing_branches": 0}, "missing_lines": [], "excluded_lines": [], "executed_branches": [], "missing_branches": []}}, "classes": {"": {"executed_lines": [1, 2, 5, 6, 7, 9, 11, 12, 13, 15, 16, 18, 20, 21, 22, 23, 25, 27, 28, 29, 30, 31, 32, 34, 37, 38, 39, 41, 42, 44, 45, 47, 48, 49, 51, 52, 53, 54, 55, 56, 58, 59, 60, 62, 63, 64, 65, 67, 68, 69, 71, 72, 73, 74, 76, 77, 78, 80, 91, 92, 94, 95, 96, 98, 99, 102, 104, 105, 106, 107, 108, 109, 111, 113, 115, 116], "summary": {"covered_lines": 76, "num_statements": 76, "percent_covered": 100.0, "percent_covered_display": "100", "missing_lines": 0, "excluded_lines": 0, "num_branches": 36, "num_partial_branches": 0, "covered_branches": 36, "missing_branches": 0}, "missing_lines": [], "excluded_lines": [], "executed_branches": [[6, 7], [6, 9], [18, 20], [18, 25], [21, 22], [21, 34], [22, 21], [22, 23], [25, 27], [25, 34], [28, 29], [28, 30], [30, 31], [30, 34], [31, 30], [31, 32], [38, -37], [38, 39], [48, -47], [48, 49], [53, 54], [53, 58], [63, 64], [63, 67], [72, 73], [72, 76], [91, 92], [91, 94], [95, 96], [95, 98], [102, 104], [102, 106], [106, 107], [106, 108], [108, 109], [108, 111]], "missing_branches": []}}}, "src\\buyer.py": {"executed_lines": [1, 4, 5, 14, 18, 19, 20, 21, 22, 23, 24, 26, 30, 31, 32, 33, 34, 35, 36, 38, 42, 43, 44, 45, 46, 47, 49, 51, 55, 56, 57, 58, 59, 60, 61, 63], "summary": {"covered_lines": 35, "num_statements": 41, "percent_covered": 80.85106382978724, "percent_covered_display": "81", "missing_lines": 6, "excluded_lines": 0, "num_branches": 6, "num_partial_branches": 1, "covered_branches": 3, "missing_branches": 3}, "missing_lines": [67, 68, 70, 71, 73, 75], "excluded_lines": [], "executed_branches": [[43, 44], [43, 49], [46, 47]], "missing_branches": [[46, 43], [70, 71], [70, 73]], "functions": {"Buyer.__init__": {"executed_lines": [18, 19, 20, 21, 22, 23, 24], "summary": {"covered_lines": 7, "num_statements": 7, "percent_covered": 100.0, "percent_covered_display": "100", "missing_lines": 0, "excluded_lines": 0, "num_branches": 0, "num_partial_branches": 0, "covered_branches": 0, "missing_branches": 0}, "missing_lines": [], "excluded_lines": [], "executed_branches": [], "missing_branches": []}, "Buyer.load_data": {"executed_lines": [30, 31, 32, 33, 34, 35, 36], "summary": {"covered_lines": 7, "num_statements": 7, "percent_covered": 100.0, "percent_covered_display": "100", "missing_lines": 0, "excluded_lines": 0, "num_branches": 0, "num_partial_branches": 0, "covered_branches": 0, "missing_branches": 0}, "missing_lines": [], "excluded_lines": [], "executed_branches": [], "missing_branches": []}, "Buyer.load_transactions": {"executed_lines": [42, 43, 44, 45, 46, 47, 49], "summary": {"covered_lines": 7, "num_statements": 7, "percent_covered": 90.9090909090909, "percent_covered_display": "91", "missing_lines": 0, "excluded_lines": 0, "num_branches": 4, "num_partial_branches": 1, "covered_branches": 3, "missing_branches": 1}, "missing_lines": [], "excluded_lines": [], "executed_branches": [[43, 44], [43, 49], [46, 47]], "missing_branches": [[46, 43]]}, "Buyer.set_new_buyer_data": {"executed_lines": [55, 56, 57, 58, 59, 60, 61], "summary": {"covered_lines": 7, "num_statements": 7, "percent_covered": 100.0, "percent_covered_display": "100", "missing_lines": 0, "excluded_lines": 0, "num_branches": 0, "num_partial_branches": 0, "covered_branches": 0, "missing_branches": 0}, "missing_lines": [], "excluded_lines": [], "executed_branches": [], "missing_branches": []}, "Buyer.__str__": {"executed_lines": [], "summary": {"covered_lines": 0, "num_statements": 6, "percent_covered": 0.0, "percent_covered_display": "0", "missing_lines": 6, "excluded_lines": 0, "num_branches": 2, "num_partial_branches": 0, "covered_branches": 0, "missing_branches": 2}, "missing_lines": [67, 68, 70, 71, 73, 75], "excluded_lines": [], "executed_branches": [], "missing_branches": [[70, 71], [70, 73]]}, "": {"executed_lines": [1, 4, 5, 14, 26, 38, 51, 63], "summary": {"covered_lines": 7, "num_statements": 7, "percent_covered": 100.0, "percent_covered_display": "100", "missing_lines": 0, "excluded_lines": 0, "num_branches": 0, "num_partial_branches": 0, "covered_branches": 0, "missing_branches": 0}, "missing_lines": [], "excluded_lines": [], "executed_branches": [], "missing_branches": []}}, "classes": {"Buyer": {"executed_lines": [18, 19, 20, 21, 22, 23, 24, 30, 31, 32, 33, 34, 35, 36, 42, 43, 44, 45, 46, 47, 49, 55, 56, 57, 58, 59, 60, 61], "summary": {"covered_lines": 28, "num_statements": 34, "percent_covered": 77.5, "percent_covered_display": "78", "missing_lines": 6, "excluded_lines": 0, "num_branches": 6, "num_partial_branches": 1, "covered_branches": 3, "missing_branches": 3}, "missing_lines": [67, 68, 70, 71, 73, 75], "excluded_lines": [], "executed_branches": [[43, 44], [43, 49], [46, 47]], "missing_branches": [[46, 43], [70, 71], [70, 73]]}, "": {"executed_lines": [1, 4, 5, 14, 26, 38, 51, 63], "summary": {"covered_lines": 7, "num_statements": 7, "percent_covered": 100.0, "percent_covered_display": "100", "missing_lines": 0, "excluded_lines": 0, "num_branches": 0, "num_partial_branches": 0, "covered_branches": 0, "missing_branches": 0}, "missing_lines": [], "excluded_lines": [], "executed_branches": [], "missing_branches": []}}}, "src\\config.py": {"executed_lines": [1, 2, 3], "summary": {"covered_lines": 3, "num_statements": 3, "percent_covered": 100.0, "percent_covered_display": "100", "missing_lines": 0, "excluded_lines": 0, "num_branches": 0, "num_partial_branches": 0, "covered_branches": 0, "missing_branches": 0}, "missing_lines": [], "excluded_lines": [], "executed_branches": [], "missing_branches": [], "functions": {"": {"executed_lines": [1, 2, 3], "summary": {"covered_lines": 3, "num_statements": 3, "percent_covered": 100.0, "percent_covered_display": "100", "missing_lines": 0, "excluded_lines": 0, "num_branches": 0, "num_partial_branches": 0, "covered_branches": 0, "missing_branches": 0}, "missing_lines": [], "excluded_lines": [], "executed_branches": [], "missing_branches": []}}, "classes": {"": {"executed_lines": [1, 2, 3], "summary": {"covered_lines": 3, "num_statements": 3, "percent_covered": 100.0, "percent_covered_display": "100", "missing_lines": 0, "excluded_lines": 0, "num_branches": 0, "num_partial_branches": 0, "covered_branches": 0, "missing_branches": 0}, "missing_lines": [], "excluded_lines": [], "executed_branches": [], "missing_branches": []}}}, "src\\data_mgmt.py": {"executed_lines": [1, 7, 8, 10, 11, 12, 13, 14, 15, 18, 19, 22, 27, 28, 29, 30, 31, 32, 33, 34, 36, 41, 42, 45, 46, 48, 49, 51, 53, 56, 57, 59, 60, 62, 64, 66, 67, 68, 69, 71, 72, 75, 77, 78, 79, 80, 82, 83, 84, 86, 88, 89, 90, 94, 95, 103, 105, 106, 107, 109, 110, 111, 113, 114, 115, 116, 118, 119, 120, 121, 122, 124, 129, 138, 139, 140, 141, 143, 144, 145, 146, 147, 149, 154, 163, 164, 165, 166, 168, 169, 170, 171, 172, 174, 179, 188, 189, 190, 191, 193, 194, 195, 196, 197, 203, 208, 209, 229, 230, 251, 252], "summary": {"covered_lines": 109, "num_statements": 153, "percent_covered": 69.19431279620854, "percent_covered_display": "69", "missing_lines": 44, "excluded_lines": 0, "num_branches": 58, "num_partial_branches": 3, "covered_branches": 37, "missing_branches": 21}, "missing_lines": [73, 92, 125, 126, 127, 130, 131, 132, 133, 134, 135, 136, 150, 151, 152, 155, 156, 157, 158, 159, 160, 161, 175, 176, 177, 180, 181, 182, 183, 184, 185, 186, 204, 205, 206, 210, 211, 227, 231, 232, 249, 253, 254, 261], "excluded_lines": [], "executed_branches": [[41, 42], [41, 45], [45, 46], [45, 56], [56, 57], [67, 68], [67, 71], [68, 67], [68, 69], [71, 72], [71, 75], [72, 71], [78, 79], [78, 82], [79, 78], [79, 80], [82, 83], [82, 86], [83, 82], [83, 84], [89, 90], [105, 106], [105, 109], [106, 105], [106, 107], [109, -88], [109, 110], [110, 109], [110, 111], [119, 120], [119, 124], [144, 145], [144, 149], [169, 170], [169, 174], [194, 195], [194, 203]], "missing_branches": [[56, -36], [72, 73], [89, 92], [132, 133], [132, 136], [134, 132], [134, 135], [157, 158], [157, 161], [159, 157], [159, 160], [182, 183], [182, 186], [184, 182], [184, 185], [210, 211], [210, 227], [231, 232], [231, 249], [253, 254], [253, 261]], "functions": {"DataManager.__init__": {"executed_lines": [27, 28, 29, 30, 31, 32, 33, 34], "summary": {"covered_lines": 8, "num_statements": 8, "percent_covered": 100.0, "percent_covered_display": "100", "missing_lines": 0, "excluded_lines": 0, "num_branches": 0, "num_partial_branches": 0, "covered_branches": 0, "missing_branches": 0}, "missing_lines": [], "excluded_lines": [], "executed_branches": [], "missing_branches": []}, "DataManager.register": {"executed_lines": [41, 42, 45, 46, 48, 49, 51, 53, 56, 57, 59, 60, 62, 64], "summary": {"covered_lines": 14, "num_statements": 14, "percent_covered": 95.0, "percent_covered_display": "95", "missing_lines": 0, "excluded_lines": 0, "num_branches": 6, "num_partial_branches": 1, "covered_branches": 5, "missing_branches": 1}, "missing_lines": [], "excluded_lines": [], "executed_branches": [[41, 42], [41, 45], [45, 46], [45, 56], [56, 57]], "missing_branches": [[56, -36]]}, "DataManager.exists": {"executed_lines": [67, 68, 69, 71, 72, 75], "summary": {"covered_lines": 6, "num_statements": 7, "percent_covered": 86.66666666666667, "percent_covered_display": "87", "missing_lines": 1, "excluded_lines": 0, "num_branches": 8, "num_partial_branches": 1, "covered_branches": 7, "missing_branches": 1}, "missing_lines": [73], "excluded_lines": [], "executed_branches": [[67, 68], [67, 71], [68, 67], [68, 69], [71, 72], [71, 75], [72, 71]], "missing_branches": [[72, 73]]}, "DataManager.login": {"executed_lines": [78, 79, 80, 82, 83, 84, 86], "summary": {"covered_lines": 7, "num_statements": 7, "percent_covered": 100.0, "percent_covered_display": "100", "missing_lines": 0, "excluded_lines": 0, "num_branches": 8, "num_partial_branches": 0, "covered_branches": 8, "missing_branches": 0}, "missing_lines": [], "excluded_lines": [], "executed_branches": [[78, 79], [78, 82], [79, 78], [79, 80], [82, 83], [82, 86], [83, 82], [83, 84]], "missing_branches": []}, "DataManager.create_transaction": {"executed_lines": [89, 90, 94, 95, 103, 105, 106, 107, 109, 110, 111], "summary": {"covered_lines": 11, "num_statements": 12, "percent_covered": 90.9090909090909, "percent_covered_display": "91", "missing_lines": 1, "excluded_lines": 0, "num_branches": 10, "num_partial_branches": 1, "covered_branches": 9, "missing_branches": 1}, "missing_lines": [92], "excluded_lines": [], "executed_branches": [[89, 90], [105, 106], [105, 109], [106, 105], [106, 107], [109, -88], [109, 110], [110, 109], [110, 111]], "missing_branches": [[89, 92]]}, "DataManager.load_buyers": {"executed_lines": [114, 115, 116, 118, 119, 120, 121, 122, 124], "summary": {"covered_lines": 9, "num_statements": 12, "percent_covered": 78.57142857142857, "percent_covered_display": "79", "missing_lines": 3, "excluded_lines": 0, "num_branches": 2, "num_partial_branches": 0, "covered_branches": 2, "missing_branches": 0}, "missing_lines": [125, 126, 127], "excluded_lines": [], "executed_branches": [[119, 120], [119, 124]], "missing_branches": []}, "DataManager.save_buyers": {"executed_lines": [], "summary": {"covered_lines": 0, "num_statements": 7, "percent_covered": 0.0, "percent_covered_display": "0", "missing_lines": 7, "excluded_lines": 0, "num_branches": 4, "num_partial_branches": 0, "covered_branches": 0, "missing_branches": 4}, "missing_lines": [130, 131, 132, 133, 134, 135, 136], "excluded_lines": [], "executed_branches": [], "missing_branches": [[132, 133], [132, 136], [134, 132], [134, 135]]}, "DataManager.load_sellers": {"executed_lines": [139, 140, 141, 143, 144, 145, 146, 147, 149], "summary": {"covered_lines": 9, "num_statements": 12, "percent_covered": 78.57142857142857, "percent_covered_display": "79", "missing_lines": 3, "excluded_lines": 0, "num_branches": 2, "num_partial_branches": 0, "covered_branches": 2, "missing_branches": 0}, "missing_lines": [150, 151, 152], "excluded_lines": [], "executed_branches": [[144, 145], [144, 149]], "missing_branches": []}, "DataManager.save_sellers": {"executed_lines": [], "summary": {"covered_lines": 0, "num_statements": 7, "percent_covered": 0.0, "percent_covered_display": "0", "missing_lines": 7, "excluded_lines": 0, "num_branches": 4, "num_partial_branches": 0, "covered_branches": 0, "missing_branches": 4}, "missing_lines": [155, 156, 157, 158, 159, 160, 161], "excluded_lines": [], "executed_branches": [], "missing_branches": [[157, 158], [157, 161], [159, 157], [159, 160]]}, "DataManager.load_transactions": {"executed_lines": [164, 165, 166, 168, 169, 170, 171, 172, 174], "summary": {"covered_lines": 9, "num_statements": 12, "percent_covered": 78.57142857142857, "percent_covered_display": "79", "missing_lines": 3, "excluded_lines": 0, "num_branches": 2, "num_partial_branches": 0, "covered_branches": 2, "missing_branches": 0}, "missing_lines": [175, 176, 177], "excluded_lines": [], "executed_branches": [[169, 170], [169, 174]], "missing_branches": []}, "DataManager.save_transactions": {"executed_lines": [], "summary": {"covered_lines": 0, "num_statements": 7, "percent_covered": 0.0, "percent_covered_display": "0", "missing_lines": 7, "excluded_lines": 0, "num_branches": 4, "num_partial_branches": 0, "covered_branches": 0, "missing_branches": 4}, "missing_lines": [180, 181, 182, 183, 184, 185, 186], "excluded_lines": [], "executed_branches": [], "missing_branches": [[182, 183], [182, 186], [184, 182], [184, 185]]}, "DataManager.load_treasure_bags": {"executed_lines": [189, 190, 191, 193, 194, 195, 196, 197, 203], "summary": {"covered_lines": 9, "num_statements": 12, "percent_covered": 78.57142857142857, "percent_covered_display": "79", "missing_lines": 3, "excluded_lines": 0, "num_branches": 2, "num_partial_branches": 0, "covered_branches": 2, "missing_branches": 0}, "missing_lines": [204, 205, 206], "excluded_lines": [], "executed_branches": [[194, 195], [194, 203]], "missing_branches": []}, "DataManager.BuyerEncoder.default": {"executed_lines": [], "summary": {"covered_lines": 0, "num_statements": 3, "percent_covered": 0.0, "percent_covered_display": "0", "missing_lines": 3, "excluded_lines": 0, "num_branches": 2, "num_partial_branches": 0, "covered_branches": 0, "missing_branches": 2}, "missing_lines": [210, 211, 227], "excluded_lines": [], "executed_branches": [], "missing_branches": [[210, 211], [210, 227]]}, "DataManager.SellerEncoder.default": {"executed_lines": [], "summary": {"covered_lines": 0, "num_statements": 3, "percent_covered": 0.0, "percent_covered_display": "0", "missing_lines": 3, "excluded_lines": 0, "num_branches": 2, "num_partial_branches": 0, "covered_branches": 0, "missing_branches": 2}, "missing_lines": [231, 232, 249], "excluded_lines": [], "executed_branches": [], "missing_branches": [[231, 232], [231, 249]]}, "DataManager.TransactionEncoder.default": {"executed_lines": [], "summary": {"covered_lines": 0, "num_statements": 3, "percent_covered": 0.0, "percent_covered_display": "0", "missing_lines": 3, "excluded_lines": 0, "num_branches": 2, "num_partial_branches": 0, "covered_branches": 0, "missing_branches": 2}, "missing_lines": [253, 254, 261], "excluded_lines": [], "executed_branches": [], "missing_branches": [[253, 254], [253, 261]]}, "": {"executed_lines": [1, 7, 8, 10, 11, 12, 13, 14, 15, 18, 19, 22, 36, 66, 77, 88, 113, 129, 138, 154, 163, 179, 188, 208, 209, 229, 230, 251, 252], "summary": {"covered_lines": 27, "num_statements": 27, "percent_covered": 100.0, "percent_covered_display": "100", "missing_lines": 0, "excluded_lines": 0, "num_branches": 0, "num_partial_branches": 0, "covered_branches": 0, "missing_branches": 0}, "missing_lines": [], "excluded_lines": [], "executed_branches": [], "missing_branches": []}}, "classes": {"DataManager": {"executed_lines": [27, 28, 29, 30, 31, 32, 33, 34, 41, 42, 45, 46, 48, 49, 51, 53, 56, 57, 59, 60, 62, 64, 67, 68, 69, 71, 72, 75, 78, 79, 80, 82, 83, 84, 86, 89, 90, 94, 95, 103, 105, 106, 107, 109, 110, 111, 114, 115, 116, 118, 119, 120, 121, 122, 124, 139, 140, 141, 143, 144, 145, 146, 147, 149, 164, 165, 166, 168, 169, 170, 171, 172, 174, 189, 190, 191, 193, 194, 195, 196, 197, 203], "summary": {"covered_lines": 82, "num_statements": 117, "percent_covered": 70.41420118343196, "percent_covered_display": "70", "missing_lines": 35, "excluded_lines": 0, "num_branches": 52, "num_partial_branches": 3, "covered_branches": 37, "missing_branches": 15}, "missing_lines": [73, 92, 125, 126, 127, 130, 131, 132, 133, 134, 135, 136, 150, 151, 152, 155, 156, 157, 158, 159, 160, 161, 175, 176, 177, 180, 181, 182, 183, 184, 185, 186, 204, 205, 206], "excluded_lines": [], "executed_branches": [[41, 42], [41, 45], [45, 46], [45, 56], [56, 57], [67, 68], [67, 71], [68, 67], [68, 69], [71, 72], [71, 75], [72, 71], [78, 79], [78, 82], [79, 78], [79, 80], [82, 83], [82, 86], [83, 82], [83, 84], [89, 90], [105, 106], [105, 109], [106, 105], [106, 107], [109, -88], [109, 110], [110, 109], [110, 111], [119, 120], [119, 124], [144, 145], [144, 149], [169, 170], [169, 174], [194, 195], [194, 203]], "missing_branches": [[56, -36], [72, 73], [89, 92], [132, 133], [132, 136], [134, 132], [134, 135], [157, 158], [157, 161], [159, 157], [159, 160], [182, 183], [182, 186], [184, 182], [184, 185]]}, "DataManager.BuyerEncoder": {"executed_lines": [], "summary": {"covered_lines": 0, "num_statements": 3, "percent_covered": 0.0, "percent_covered_display": "0", "missing_lines": 3, "excluded_lines": 0, "num_branches": 2, "num_partial_branches": 0, "covered_branches": 0, "missing_branches": 2}, "missing_lines": [210, 211, 227], "excluded_lines": [], "executed_branches": [], "missing_branches": [[210, 211], [210, 227]]}, "DataManager.SellerEncoder": {"executed_lines": [], "summary": {"covered_lines": 0, "num_statements": 3, "percent_covered": 0.0, "percent_covered_display": "0", "missing_lines": 3, "excluded_lines": 0, "num_branches": 2, "num_partial_branches": 0, "covered_branches": 0, "missing_branches": 2}, "missing_lines": [231, 232, 249], "excluded_lines": [], "executed_branches": [], "missing_branches": [[231, 232], [231, 249]]}, "DataManager.TransactionEncoder": {"executed_lines": [], "summary": {"covered_lines": 0, "num_statements": 3, "percent_covered": 0.0, "percent_covered_display": "0", "missing_lines": 3, "excluded_lines": 0, "num_branches": 2, "num_partial_branches": 0, "covered_branches": 0, "missing_branches": 2}, "missing_lines": [253, 254, 261], "excluded_lines": [], "executed_branches": [], "missing_branches": [[253, 254], [253, 261]]}, "": {"executed_lines": [1, 7, 8, 10, 11, 12, 13, 14, 15, 18, 19, 22, 36, 66, 77, 88, 113, 129, 138, 154, 163, 179, 188, 208, 209, 229, 230, 251, 252], "summary": {"covered_lines": 27, "num_statements": 27, "percent_covered": 100.0, "percent_covered_display": "100", "missing_lines": 0, "excluded_lines": 0, "num_branches": 0, "num_partial_branches": 0, "covered_branches": 0, "missing_branches": 0}, "missing_lines": [], "excluded_lines": [], "executed_branches": [], "missing_branches": []}}}, "src\\search.py": {"executed_lines": [1, 2, 4, 5, 6, 8, 10, 11, 13, 14, 15, 17], "summary": {"covered_lines": 12, "num_statements": 12, "percent_covered": 100.0, "percent_covered_display": "100", "missing_lines": 0, "excluded_lines": 0, "num_branches": 8, "num_partial_branches": 0, "covered_branches": 8, "missing_branches": 0}, "missing_lines": [], "excluded_lines": [], "executed_branches": [[4, 5], [4, 8], [5, 4], [5, 6], [13, 14], [13, 17], [14, 13], [14, 15]], "missing_branches": [], "functions": {"find_transaction_by_id": {"executed_lines": [2, 4, 5, 6, 8], "summary": {"covered_lines": 5, "num_statements": 5, "percent_covered": 100.0, "percent_covered_display": "100", "missing_lines": 0, "excluded_lines": 0, "num_branches": 4, "num_partial_branches": 0, "covered_branches": 4, "missing_branches": 0}, "missing_lines": [], "excluded_lines": [], "executed_branches": [[4, 5], [4, 8], [5, 4], [5, 6]], "missing_branches": []}, "find_treasure_bag_by_seller_id": {"executed_lines": [11, 13, 14, 15, 17], "summary": {"covered_lines": 5, "num_statements": 5, "percent_covered": 100.0, "percent_covered_display": "100", "missing_lines": 0, "excluded_lines": 0, "num_branches": 4, "num_partial_branches": 0, "covered_branches": 4, "missing_branches": 0}, "missing_lines": [], "excluded_lines": [], "executed_branches": [[13, 14], [13, 17], [14, 13], [14, 15]], "missing_branches": []}, "": {"executed_lines": [1, 10], "summary": {"covered_lines": 2, "num_statements": 2, "percent_covered": 100.0, "percent_covered_display": "100", "missing_lines": 0, "excluded_lines": 0, "num_branches": 0, "num_partial_branches": 0, "covered_branches": 0, "missing_branches": 0}, "missing_lines": [], "excluded_lines": [], "executed_branches": [], "missing_branches": []}}, "classes": {"": {"executed_lines": [1, 2, 4, 5, 6, 8, 10, 11, 13, 14, 15, 17], "summary": {"covered_lines": 12, "num_statements": 12, "percent_covered": 100.0, "percent_covered_display": "100", "missing_lines": 0, "excluded_lines": 0, "num_branches": 8, "num_partial_branches": 0, "covered_branches": 8, "missing_branches": 0}, "missing_lines": [], "excluded_lines": [], "executed_branches": [[4, 5], [4, 8], [5, 4], [5, 6], [13, 14], [13, 17], [14, 13], [14, 15]], "missing_branches": []}}}, "src\\seller.py": {"executed_lines": [1, 2, 5, 6, 16, 20, 21, 22, 23, 24, 25, 26, 27, 29, 33, 34, 35, 36, 37, 38, 40, 41, 42, 44, 48, 49, 50, 51, 52, 53, 55, 57, 61, 62, 63, 64, 65, 66, 67, 68, 70], "summary": {"covered_lines": 40, "num_statements": 49, "percent_covered": 78.18181818181819, "percent_covered_display": "78", "missing_lines": 9, "excluded_lines": 0, "num_branches": 6, "num_partial_branches": 1, "covered_branches": 3, "missing_branches": 3}, "missing_lines": [74, 75, 76, 77, 78, 80, 81, 83, 85], "excluded_lines": [], "executed_branches": [[49, 50], [49, 55], [52, 53]], "missing_branches": [[52, 49], [80, 81], [80, 83]], "functions": {"Seller.__init__": {"executed_lines": [20, 21, 22, 23, 24, 25, 26, 27], "summary": {"covered_lines": 8, "num_statements": 8, "percent_covered": 100.0, "percent_covered_display": "100", "missing_lines": 0, "excluded_lines": 0, "num_branches": 0, "num_partial_branches": 0, "covered_branches": 0, "missing_branches": 0}, "missing_lines": [], "excluded_lines": [], "executed_branches": [], "missing_branches": []}, "Seller.load_data": {"executed_lines": [33, 34, 35, 36, 37, 38, 40, 41, 42], "summary": {"covered_lines": 9, "num_statements": 9, "percent_covered": 100.0, "percent_covered_display": "100", "missing_lines": 0, "excluded_lines": 0, "num_branches": 0, "num_partial_branches": 0, "covered_branches": 0, "missing_branches": 0}, "missing_lines": [], "excluded_lines": [], "executed_branches": [], "missing_branches": []}, "Seller.load_transactions": {"executed_lines": [48, 49, 50, 51, 52, 53, 55], "summary": {"covered_lines": 7, "num_statements": 7, "percent_covered": 90.9090909090909, "percent_covered_display": "91", "missing_lines": 0, "excluded_lines": 0, "num_branches": 4, "num_partial_branches": 1, "covered_branches": 3, "missing_branches": 1}, "missing_lines": [], "excluded_lines": [], "executed_branches": [[49, 50], [49, 55], [52, 53]], "missing_branches": [[52, 49]]}, "Seller.set_new_seller_data": {"executed_lines": [61, 62, 63, 64, 65, 66, 67, 68], "summary": {"covered_lines": 8, "num_statements": 8, "percent_covered": 100.0, "percent_covered_display": "100", "missing_lines": 0, "excluded_lines": 0, "num_branches": 0, "num_partial_branches": 0, "covered_branches": 0, "missing_branches": 0}, "missing_lines": [], "excluded_lines": [], "executed_branches": [], "missing_branches": []}, "Seller.__str__": {"executed_lines": [], "summary": {"covered_lines": 0, "num_statements": 9, "percent_covered": 0.0, "percent_covered_display": "0", "missing_lines": 9, "excluded_lines": 0, "num_branches": 2, "num_partial_branches": 0, "covered_branches": 0, "missing_branches": 2}, "missing_lines": [74, 75, 76, 77, 78, 80, 81, 83, 85], "excluded_lines": [], "executed_branches": [], "missing_branches": [[80, 81], [80, 83]]}, "": {"executed_lines": [1, 2, 5, 6, 16, 29, 44, 57, 70], "summary": {"covered_lines": 8, "num_statements": 8, "percent_covered": 100.0, "percent_covered_display": "100", "missing_lines": 0, "excluded_lines": 0, "num_branches": 0, "num_partial_branches": 0, "covered_branches": 0, "missing_branches": 0}, "missing_lines": [], "excluded_lines": [], "executed_branches": [], "missing_branches": []}}, "classes": {"Seller": {"executed_lines": [20, 21, 22, 23, 24, 25, 26, 27, 33, 34, 35, 36, 37, 38, 40, 41, 42, 48, 49, 50, 51, 52, 53, 55, 61, 62, 63, 64, 65, 66, 67, 68], "summary": {"covered_lines": 32, "num_statements": 41, "percent_covered": 74.46808510638297, "percent_covered_display": "74", "missing_lines": 9, "excluded_lines": 0, "num_branches": 6, "num_partial_branches": 1, "covered_branches": 3, "missing_branches": 3}, "missing_lines": [74, 75, 76, 77, 78, 80, 81, 83, 85], "excluded_lines": [], "executed_branches": [[49, 50], [49, 55], [52, 53]], "missing_branches": [[52, 49], [80, 81], [80, 83]]}, "": {"executed_lines": [1, 2, 5, 6, 16, 29, 44, 57, 70], "summary": {"covered_lines": 8, "num_statements": 8, "percent_covered": 100.0, "percent_covered_display": "100", "missing_lines": 0, "excluded_lines": 0, "num_branches": 0, "num_partial_branches": 0, "covered_branches": 0, "missing_branches": 0}, "missing_lines": [], "excluded_lines": [], "executed_branches": [], "missing_branches": []}}}, "src\\transaction.py": {"executed_lines": [1, 2, 13, 17, 18, 19, 20, 21, 22, 24, 28, 29, 30, 31, 32, 33, 35, 39, 40, 41, 42, 43, 44, 46, 50, 51, 52, 53, 54, 55, 57], "summary": {"covered_lines": 30, "num_statements": 30, "percent_covered": 100.0, "percent_covered_display": "100", "missing_lines": 0, "excluded_lines": 0, "num_branches": 0, "num_partial_branches": 0, "covered_branches": 0, "missing_branches": 0}, "missing_lines": [], "excluded_lines": [], "executed_branches": [], "missing_branches": [], "functions": {"Transaction.__init__": {"executed_lines": [17, 18, 19, 20, 21, 22], "summary": {"covered_lines": 6, "num_statements": 6, "percent_covered": 100.0, "percent_covered_display": "100", "missing_lines": 0, "excluded_lines": 0, "num_branches": 0, "num_partial_branches": 0, "covered_branches": 0, "missing_branches": 0}, "missing_lines": [], "excluded_lines": [], "executed_branches": [], "missing_branches": []}, "Transaction.load_data": {"executed_lines": [28, 29, 30, 31, 32, 33], "summary": {"covered_lines": 6, "num_statements": 6, "percent_covered": 100.0, "percent_covered_display": "100", "missing_lines": 0, "excluded_lines": 0, "num_branches": 0, "num_partial_branches": 0, "covered_branches": 0, "missing_branches": 0}, "missing_lines": [], "excluded_lines": [], "executed_branches": [], "missing_branches": []}, "Transaction.set_new_transaction_data": {"executed_lines": [39, 40, 41, 42, 43, 44], "summary": {"covered_lines": 6, "num_statements": 6, "percent_covered": 100.0, "percent_covered_display": "100", "missing_lines": 0, "excluded_lines": 0, "num_branches": 0, "num_partial_branches": 0, "covered_branches": 0, "missing_branches": 0}, "missing_lines": [], "excluded_lines": [], "executed_branches": [], "missing_branches": []}, "Transaction.__str__": {"executed_lines": [50, 51, 52, 53, 54, 55, 57], "summary": {"covered_lines": 7, "num_statements": 7, "percent_covered": 100.0, "percent_covered_display": "100", "missing_lines": 0, "excluded_lines": 0, "num_branches": 0, "num_partial_branches": 0, "covered_branches": 0, "missing_branches": 0}, "missing_lines": [], "excluded_lines": [], "executed_branches": [], "missing_branches": []}, "": {"executed_lines": [1, 2, 13, 24, 35, 46], "summary": {"covered_lines": 5, "num_statements": 5, "percent_covered": 100.0, "percent_covered_display": "100", "missing_lines": 0, "excluded_lines": 0, "num_branches": 0, "num_partial_branches": 0, "covered_branches": 0, "missing_branches": 0}, "missing_lines": [], "excluded_lines": [], "executed_branches": [], "missing_branches": []}}, "classes": {"Transaction": {"executed_lines": [17, 18, 19, 20, 21, 22, 28, 29, 30, 31, 32, 33, 39, 40, 41, 42, 43, 44, 50, 51, 52, 53, 54, 55, 57], "summary": {"covered_lines": 25, "num_statements": 25, "percent_covered": 100.0, "percent_covered_display": "100", "missing_lines": 0, "excluded_lines": 0, "num_branches": 0, "num_partial_branches": 0, "covered_branches": 0, "missing_branches": 0}, "missing_lines": [], "excluded_lines": [], "executed_branches": [], "missing_branches": []}, "": {"executed_lines": [1, 2, 13, 24, 35, 46], "summary": {"covered_lines": 5, "num_statements": 5, "percent_covered": 100.0, "percent_covered_display": "100", "missing_lines": 0, "excluded_lines": 0, "num_branches": 0, "num_partial_branches": 0, "covered_branches": 0, "missing_branches": 0}, "missing_lines": [], "excluded_lines": [], "executed_branches": [], "missing_branches": []}}}, "src\\treasure_bag.py": {"executed_lines": [1, 2, 13, 17, 18, 19, 20, 21, 22, 23, 25, 29, 30, 31, 32, 33, 34, 35, 37, 41, 42, 43, 44, 45, 46, 47, 56], "summary": {"covered_lines": 26, "num_statements": 32, "percent_covered": 79.41176470588235, "percent_covered_display": "79", "missing_lines": 6, "excluded_lines": 0, "num_branches": 2, "num_partial_branches": 1, "covered_branches": 1, "missing_branches": 1}, "missing_lines": [49, 50, 51, 52, 53, 54], "excluded_lines": [], "executed_branches": [[41, 42]], "missing_branches": [[41, 49]], "functions": {"TreasureBag.__init__": {"executed_lines": [17, 18, 19, 20, 21, 22, 23], "summary": {"covered_lines": 7, "num_statements": 7, "percent_covered": 100.0, "percent_covered_display": "100", "missing_lines": 0, "excluded_lines": 0, "num_branches": 0, "num_partial_branches": 0, "covered_branches": 0, "missing_branches": 0}, "missing_lines": [], "excluded_lines": [], "executed_branches": [], "missing_branches": []}, "TreasureBag.load_data": {"executed_lines": [29, 30, 31, 32, 33, 34, 35], "summary": {"covered_lines": 7, "num_statements": 7, "percent_covered": 100.0, "percent_covered_display": "100", "missing_lines": 0, "excluded_lines": 0, "num_branches": 0, "num_partial_branches": 0, "covered_branches": 0, "missing_branches": 0}, "missing_lines": [], "excluded_lines": [], "executed_branches": [], "missing_branches": []}, "TreasureBag.__str__": {"executed_lines": [41, 42, 43, 44, 45, 46, 47, 56], "summary": {"covered_lines": 8, "num_statements": 14, "percent_covered": 56.25, "percent_covered_display": "56", "missing_lines": 6, "excluded_lines": 0, "num_branches": 2, "num_partial_branches": 1, "covered_branches": 1, "missing_branches": 1}, "missing_lines": [49, 50, 51, 52, 53, 54], "excluded_lines": [], "executed_branches": [[41, 42]], "missing_branches": [[41, 49]]}, "": {"executed_lines": [1, 2, 13, 25, 37], "summary": {"covered_lines": 4, "num_statements": 4, "percent_covered": 100.0, "percent_covered_display": "100", "missing_lines": 0, "excluded_lines": 0, "num_branches": 0, "num_partial_branches": 0, "covered_branches": 0, "missing_branches": 0}, "missing_lines": [], "excluded_lines": [], "executed_branches": [], "missing_branches": []}}, "classes": {"TreasureBag": {"executed_lines": [17, 18, 19, 20, 21, 22, 23, 29, 30, 31, 32, 33, 34, 35, 41, 42, 43, 44, 45, 46, 47, 56], "summary": {"covered_lines": 22, "num_statements": 28, "percent_covered": 76.66666666666667, "percent_covered_display": "77", "missing_lines": 6, "excluded_lines": 0, "num_branches": 2, "num_partial_branches": 1, "covered_branches": 1, "missing_branches": 1}, "missing_lines": [49, 50, 51, 52, 53, 54], "excluded_lines": [], "executed_branches": [[41, 42]], "missing_branches": [[41, 49]]}, "": {"executed_lines": [1, 2, 13, 25, 37], "summary": {"covered_lines": 4, "num_statements": 4, "percent_covered": 100.0, "percent_covered_display": "100", "missing_lines": 0, "excluded_lines": 0, "num_branches": 0, "num_partial_branches": 0, "covered_branches": 0, "missing_branches": 0}, "missing_lines": [], "excluded_lines": [], "executed_branches": [], "missing_branches": []}}}, "src\\ui.py": {"executed_lines": [1, 2, 3, 6, 7, 10, 15, 16, 17, 19, 23, 24, 25, 26, 27, 28, 29, 30, 31, 32, 33, 34, 35, 36, 37, 38, 39, 40, 41, 42, 43, 44, 45, 46, 47, 51, 55, 57, 63, 72, 74, 75, 76, 77, 78, 79, 80, 81, 82, 84, 88, 94, 95, 96, 97, 98, 100, 104, 106, 107, 108, 113, 117, 123, 124, 126, 128, 129, 130, 132, 133, 135, 137, 138, 140, 144, 145, 147, 151, 152, 153, 163, 165, 166, 167, 168, 169, 170, 171, 172, 173, 174, 176, 180, 187, 188, 190, 192, 198, 200, 201, 202, 203, 205, 206, 207, 208, 209, 210, 211, 212, 214, 215, 219, 220, 222, 224, 225, 226, 228, 229, 230, 231, 241, 243, 244, 245, 246, 247, 248, 249, 250, 251, 252, 254, 258, 259, 260, 266, 268, 276, 278, 279, 280, 281, 282, 283, 284, 285, 286, 287, 288, 289, 290, 291, 292, 293, 295, 299, 308, 310, 311, 312, 313, 314, 315, 318, 319, 320, 323, 324, 326, 330, 331, 333, 334, 335, 337, 342, 345, 346, 348, 350, 351, 355, 359, 360, 362, 363, 364, 366, 371, 380, 381, 386, 388, 389, 390, 391, 393, 397, 398, 401, 406, 408, 437, 441, 442, 451, 453, 454, 455, 456, 457, 458, 459, 460, 461, 462, 466], "summary": {"covered_lines": 219, "num_statements": 256, "percent_covered": 82.38341968911917, "percent_covered_display": "82", "missing_lines": 37, "excluded_lines": 0, "num_branches": 130, "num_partial_branches": 17, "covered_branches": 99, "missing_branches": 31}, "missing_lines": [48, 49, 101, 102, 110, 111, 217, 218, 317, 322, 343, 353, 372, 373, 375, 376, 378, 394, 395, 399, 403, 404, 412, 413, 415, 416, 417, 419, 424, 425, 427, 428, 430, 432, 433, 435, 464], "excluded_lines": [], "executed_branches": [[24, 25], [24, 26], [26, 27], [26, 28], [28, 29], [28, 30], [30, 31], [30, 32], [32, 33], [32, 34], [34, 35], [34, 36], [36, 37], [36, 38], [38, 39], [38, 40], [40, 41], [40, 42], [42, 43], [42, 44], [44, 45], [44, 46], [46, 47], [75, 76], [75, 77], [77, 78], [77, 79], [79, 80], [79, 81], [100, 104], [106, 107], [128, 129], [128, 137], [132, 133], [132, 135], [166, 167], [166, 168], [168, 169], [168, 170], [170, 171], [170, 172], [172, 173], [187, 188], [187, 190], [201, 202], [201, 210], [206, 207], [210, 211], [210, 219], [214, 215], [219, 220], [219, 222], [225, -224], [225, 226], [244, 245], [244, 246], [246, 247], [246, 248], [248, 249], [248, 250], [250, 251], [279, 280], [279, 282], [282, 283], [282, 285], [285, 286], [285, 288], [288, 289], [288, 291], [291, 292], [311, 312], [311, 313], [313, 314], [313, 318], [314, 315], [318, 319], [318, 323], [319, 320], [333, 334], [333, 337], [334, 333], [334, 335], [342, 345], [350, 351], [362, 363], [362, 366], [363, 362], [363, 364], [371, 380], [389, 390], [393, 397], [398, 401], [454, 455], [454, 457], [457, 458], [457, 460], [460, 461], [460, 466], [461, 462]], "missing_branches": [[46, 48], [48, -19], [48, 49], [100, 101], [106, 110], [172, 151], [206, 222], [214, 217], [250, 229], [291, 293], [314, 317], [319, 322], [342, 343], [350, 353], [371, 372], [375, 376], [375, 378], [389, 403], [393, 394], [398, 399], [403, 404], [403, 406], [415, 416], [415, 419], [416, 415], [416, 417], [424, 425], [424, 427], [432, 433], [432, 435], [461, 464]], "functions": {"UI.__init__": {"executed_lines": [15, 16, 17], "summary": {"covered_lines": 3, "num_statements": 3, "percent_covered": 100.0, "percent_covered_display": "100", "missing_lines": 0, "excluded_lines": 0, "num_branches": 0, "num_partial_branches": 0, "covered_branches": 0, "missing_branches": 0}, "missing_lines": [], "excluded_lines": [], "executed_branches": [], "missing_branches": []}, "UI.get_current_screen": {"executed_lines": [23, 24, 25, 26, 27, 28, 29, 30, 31, 32, 33, 34, 35, 36, 37, 38, 39, 40, 41, 42, 43, 44, 45, 46, 47], "summary": {"covered_lines": 25, "num_statements": 27, "percent_covered": 90.56603773584905, "percent_covered_display": "91", "missing_lines": 2, "excluded_lines": 0, "num_branches": 26, "num_partial_branches": 1, "covered_branches": 23, "missing_branches": 3}, "missing_lines": [48, 49], "excluded_lines": [], "executed_branches": [[24, 25], [24, 26], [26, 27], [26, 28], [28, 29], [28, 30], [30, 31], [30, 32], [32, 33], [32, 34], [34, 35], [34, 36], [36, 37], [36, 38], [38, 39], [38, 40], [40, 41], [40, 42], [42, 43], [42, 44], [44, 45], [44, 46], [46, 47]], "missing_branches": [[46, 48], [48, -19], [48, 49]]}, "UI.run_current_screen": {"executed_lines": [55], "summary": {"covered_lines": 1, "num_statements": 1, "percent_covered": 100.0, "percent_covered_display": "100", "missing_lines": 0, "excluded_lines": 0, "num_branches": 0, "num_partial_branches": 0, "covered_branches": 0, "missing_branches": 0}, "missing_lines": [], "excluded_lines": [], "executed_branches": [], "missing_branches": []}, "UI._welcome_page": {"executed_lines": [63, 72, 74, 75, 76, 77, 78, 79, 80, 81, 82], "summary": {"covered_lines": 11, "num_statements": 11, "percent_covered": 100.0, "percent_covered_display": "100", "missing_lines": 0, "excluded_lines": 0, "num_branches": 6, "num_partial_branches": 0, "covered_branches": 6, "missing_branches": 0}, "missing_lines": [], "excluded_lines": [], "executed_branches": [[75, 76], [75, 77], [77, 78], [77, 79], [79, 80], [79, 81]], "missing_branches": []}, "UI._register": {"executed_lines": [88, 94, 95, 96, 97, 98, 100, 104, 106, 107, 108], "summary": {"covered_lines": 11, "num_statements": 15, "percent_covered": 68.42105263157895, "percent_covered_display": "68", "missing_lines": 4, "excluded_lines": 0, "num_branches": 4, "num_partial_branches": 2, "covered_branches": 2, "missing_branches": 2}, "missing_lines": [101, 102, 110, 111], "excluded_lines": [], "executed_branches": [[100, 104], [106, 107]], "missing_branches": [[100, 101], [106, 110]]}, "UI._login": {"executed_lines": [117, 123, 124, 126, 128, 129, 130, 132, 133, 135, 137, 138], "summary": {"covered_lines": 12, "num_statements": 12, "percent_covered": 100.0, "percent_covered_display": "100", "missing_lines": 0, "excluded_lines": 0, "num_branches": 4, "num_partial_branches": 0, "covered_branches": 4, "missing_branches": 0}, "missing_lines": [], "excluded_lines": [], "executed_branches": [[128, 129], [128, 137], [132, 133], [132, 135]], "missing_branches": []}, "UI._quit": {"executed_lines": [144, 145], "summary": {"covered_lines": 2, "num_statements": 2, "percent_covered": 100.0, "percent_covered_display": "100", "missing_lines": 0, "excluded_lines": 0, "num_branches": 0, "num_partial_branches": 0, "covered_branches": 0, "missing_branches": 0}, "missing_lines": [], "excluded_lines": [], "executed_branches": [], "missing_branches": []}, "UI._buyer_main_menu": {"executed_lines": [151, 152, 153, 163, 165, 166, 167, 168, 169, 170, 171, 172, 173, 174], "summary": {"covered_lines": 14, "num_statements": 14, "percent_covered": 95.45454545454545, "percent_covered_display": "95", "missing_lines": 0, "excluded_lines": 0, "num_branches": 8, "num_partial_branches": 1, "covered_branches": 7, "missing_branches": 1}, "missing_lines": [], "excluded_lines": [], "executed_branches": [[166, 167], [166, 168], [168, 169], [168, 170], [170, 171], [170, 172], [172, 173]], "missing_branches": [[172, 151]]}, "UI._browse_treasure_bags": {"executed_lines": [180, 187, 188, 190, 192, 198, 200, 201, 202, 203, 205, 206, 207, 208, 209, 210, 211, 212, 214, 215, 219, 220, 222], "summary": {"covered_lines": 23, "num_statements": 25, "percent_covered": 89.1891891891892, "percent_covered_display": "89", "missing_lines": 2, "excluded_lines": 0, "num_branches": 12, "num_partial_branches": 2, "covered_branches": 10, "missing_branches": 2}, "missing_lines": [217, 218], "excluded_lines": [], "executed_branches": [[187, 188], [187, 190], [201, 202], [201, 210], [206, 207], [210, 211], [210, 219], [214, 215], [219, 220], [219, 222]], "missing_branches": [[206, 222], [214, 217]]}, "UI._display_treasure_bags": {"executed_lines": [225, 226], "summary": {"covered_lines": 2, "num_statements": 2, "percent_covered": 100.0, "percent_covered_display": "100", "missing_lines": 0, "excluded_lines": 0, "num_branches": 2, "num_partial_branches": 0, "covered_branches": 2, "missing_branches": 0}, "missing_lines": [], "excluded_lines": [], "executed_branches": [[225, -224], [225, 226]], "missing_branches": []}, "UI._seller_main_menu": {"executed_lines": [229, 230, 231, 241, 243, 244, 245, 246, 247, 248, 249, 250, 251, 252], "summary": {"covered_lines": 14, "num_statements": 14, "percent_covered": 95.45454545454545, "percent_covered_display": "95", "missing_lines": 0, "excluded_lines": 0, "num_branches": 8, "num_partial_branches": 1, "covered_branches": 7, "missing_branches": 1}, "missing_lines": [], "excluded_lines": [], "executed_branches": [[244, 245], [244, 246], [246, 247], [246, 248], [248, 249], [248, 250], [250, 251]], "missing_branches": [[250, 229]]}, "UI._manage_treasure_bag": {"executed_lines": [258, 259, 260, 266, 268, 276, 278, 279, 280, 281, 282, 283, 284, 285, 286, 287, 288, 289, 290, 291, 292, 293], "summary": {"covered_lines": 22, "num_statements": 22, "percent_covered": 96.875, "percent_covered_display": "97", "missing_lines": 0, "excluded_lines": 0, "num_branches": 10, "num_partial_branches": 1, "covered_branches": 9, "missing_branches": 1}, "missing_lines": [], "excluded_lines": [], "executed_branches": [[279, 280], [279, 282], [282, 283], [282, 285], [285, 286], [285, 288], [288, 289], [288, 291], [291, 292]], "missing_branches": [[291, 293]]}, "UI._transaction_menu": {"executed_lines": [299, 308, 310, 311, 312, 313, 314, 315, 318, 319, 320, 323, 324], "summary": {"covered_lines": 13, "num_statements": 15, "percent_covered": 84.0, "percent_covered_display": "84", "missing_lines": 2, "excluded_lines": 0, "num_branches": 10, "num_partial_branches": 2, "covered_branches": 8, "missing_branches": 2}, "missing_lines": [317, 322], "excluded_lines": [], "executed_branches": [[311, 312], [311, 313], [313, 314], [313, 318], [314, 315], [318, 319], [318, 323], [319, 320]], "missing_branches": [[314, 317], [319, 322]]}, "UI._past_transaction_list": {"executed_lines": [330, 331, 333, 334, 335, 337, 342, 345, 346, 348, 350, 351], "summary": {"covered_lines": 12, "num_statements": 14, "percent_covered": 81.81818181818181, "percent_covered_display": "82", "missing_lines": 2, "excluded_lines": 0, "num_branches": 8, "num_partial_branches": 2, "covered_branches": 6, "missing_branches": 2}, "missing_lines": [343, 353], "excluded_lines": [], "executed_branches": [[333, 334], [333, 337], [334, 333], [334, 335], [342, 345], [350, 351]], "missing_branches": [[342, 343], [350, 353]]}, "UI._seller_active_transaction_list": {"executed_lines": [359, 360, 362, 363, 364, 366, 371, 380, 381, 386, 388, 389, 390, 391, 393, 397, 398, 401, 406], "summary": {"covered_lines": 19, "num_statements": 29, "percent_covered": 60.0, "percent_covered_display": "60", "missing_lines": 10, "excluded_lines": 0, "num_branches": 16, "num_partial_branches": 4, "covered_branches": 8, "missing_branches": 8}, "missing_lines": [372, 373, 375, 376, 378, 394, 395, 399, 403, 404], "excluded_lines": [], "executed_branches": [[362, 363], [362, 366], [363, 362], [363, 364], [371, 380], [389, 390], [393, 397], [398, 401]], "missing_branches": [[371, 372], [375, 376], [375, 378], [389, 403], [393, 394], [398, 399], [403, 404], [403, 406]]}, "UI._buyer_active_transaction_list": {"executed_lines": [], "summary": {"covered_lines": 0, "num_statements": 14, "percent_covered": 0.0, "percent_covered_display": "0", "missing_lines": 14, "excluded_lines": 0, "num_branches": 8, "num_partial_branches": 0, "covered_branches": 0, "missing_branches": 8}, "missing_lines": [412, 413, 415, 416, 417, 419, 424, 425, 427, 428, 430, 432, 433, 435], "excluded_lines": [], "executed_branches": [], "missing_branches": [[415, 416], [415, 419], [416, 415], [416, 417], [424, 425], [424, 427], [432, 433], [432, 435]]}, "UI._balance_menu": {"executed_lines": [441, 442, 451, 453, 454, 455, 456, 457, 458, 459, 460, 461, 462, 466], "summary": {"covered_lines": 14, "num_statements": 15, "percent_covered": 91.30434782608695, "percent_covered_display": "91", "missing_lines": 1, "excluded_lines": 0, "num_branches": 8, "num_partial_branches": 1, "covered_branches": 7, "missing_branches": 1}, "missing_lines": [464], "excluded_lines": [], "executed_branches": [[454, 455], [454, 457], [457, 458], [457, 460], [460, 461], [460, 466], [461, 462]], "missing_branches": [[461, 464]]}, "": {"executed_lines": [1, 2, 3, 6, 7, 10, 19, 51, 57, 84, 113, 140, 147, 176, 224, 228, 254, 295, 326, 355, 408, 437], "summary": {"covered_lines": 21, "num_statements": 21, "percent_covered": 100.0, "percent_covered_display": "100", "missing_lines": 0, "excluded_lines": 0, "num_branches": 0, "num_partial_branches": 0, "covered_branches": 0, "missing_branches": 0}, "missing_lines": [], "excluded_lines": [], "executed_branches": [], "missing_branches": []}}, "classes": {"UI": {"executed_lines": [15, 16, 17, 23, 24, 25, 26, 27, 28, 29, 30, 31, 32, 33, 34, 35, 36, 37, 38, 39, 40, 41, 42, 43, 44, 45, 46, 47, 55, 63, 72, 74, 75, 76, 77, 78, 79, 80, 81, 82, 88, 94, 95, 96, 97, 98, 100, 104, 106, 107, 108, 117, 123, 124, 126, 128, 129, 130, 132, 133, 135, 137, 138, 144, 145, 151, 152, 153, 163, 165, 166, 167, 168, 169, 170, 171, 172, 173, 174, 180, 187, 188, 190, 192, 198, 200, 201, 202, 203, 205, 206, 207, 208, 209, 210, 211, 212, 214, 215, 219, 220, 222, 225, 226, 229, 230, 231, 241, 243, 244, 245, 246, 247, 248, 249, 250, 251, 252, 258, 259, 260, 266, 268, 276, 278, 279, 280, 281, 282, 283, 284, 285, 286, 287, 288, 289, 290, 291, 292, 293, 299, 308, 310, 311, 312, 313, 314, 315, 318, 319, 320, 323, 324, 330, 331, 333, 334, 335, 337, 342, 345, 346, 348, 350, 351, 359, 360, 362, 363, 364, 366, 371, 380, 381, 386, 388, 389, 390, 391, 393, 397, 398, 401, 406, 441, 442, 451, 453, 454, 455, 456, 457, 458, 459, 460, 461, 462, 466], "summary": {"covered_lines": 198, "num_statements": 235, "percent_covered": 81.36986301369863, "percent_covered_display": "81", "missing_lines": 37, "excluded_lines": 0, "num_branches": 130, "num_partial_branches": 17, "covered_branches": 99, "missing_branches": 31}, "missing_lines": [48, 49, 101, 102, 110, 111, 217, 218, 317, 322, 343, 353, 372, 373, 375, 376, 378, 394, 395, 399, 403, 404, 412, 413, 415, 416, 417, 419, 424, 425, 427, 428, 430, 432, 433, 435, 464], "excluded_lines": [], "executed_branches": [[24, 25], [24, 26], [26, 27], [26, 28], [28, 29], [28, 30], [30, 31], [30, 32], [32, 33], [32, 34], [34, 35], [34, 36], [36, 37], [36, 38], [38, 39], [38, 40], [40, 41], [40, 42], [42, 43], [42, 44], [44, 45], [44, 46], [46, 47], [75, 76], [75, 77], [77, 78], [77, 79], [79, 80], [79, 81], [100, 104], [106, 107], [128, 129], [128, 137], [132, 133], [132, 135], [166, 167], [166, 168], [168, 169], [168, 170], [170, 171], [170, 172], [172, 173], [187, 188], [187, 190], [201, 202], [201, 210], [206, 207], [210, 211], [210, 219], [214, 215], [219, 220], [219, 222], [225, -224], [225, 226], [244, 245], [244, 246], [246, 247], [246, 248], [248, 249], [248, 250], [250, 251], [279, 280], [279, 282], [282, 283], [282, 285], [285, 286], [285, 288], [288, 289], [288, 291], [291, 292], [311, 312], [311, 313], [313, 314], [313, 318], [314, 315], [318, 319], [318, 323], [319, 320], [333, 334], [333, 337], [334, 333], [334, 335], [342, 345], [350, 351], [362, 363], [362, 366], [363, 362], [363, 364], [371, 380], [389, 390], [393, 397], [398, 401], [454, 455], [454, 457], [457, 458], [457, 460], [460, 461], [460, 466], [461, 462]], "missing_branches": [[46, 48], [48, -19], [48, 49], [100, 101], [106, 110], [172, 151], [206, 222], [214, 217], [250, 229], [291, 293], [314, 317], [319, 322], [342, 343], [350, 353], [371, 372], [375, 376], [375, 378], [389, 403], [393, 394], [398, 399], [403, 404], [403, 406], [415, 416], [415, 419], [416, 415], [416, 417], [424, 425], [424, 427], [432, 433], [432, 435], [461, 464]]}, "": {"executed_lines": [1, 2, 3, 6, 7, 10, 19, 51, 57, 84, 113, 140, 147, 176, 224, 228, 254, 295, 326, 355, 408, 437], "summary": {"covered_lines": 21, "num_statements": 21, "percent_covered": 100.0, "percent_covered_display": "100", "missing_lines": 0, "excluded_lines": 0, "num_branches": 0, "num_partial_branches": 0, "covered_branches": 0, "missing_branches": 0}, "missing_lines": [], "excluded_lines": [], "executed_branches": [], "missing_branches": []}}}, "src\\user_input.py": {"executed_lines": [1, 7, 16, 17, 18, 19, 20, 23, 32, 33, 34, 35, 36, 39, 48, 51, 61, 62, 63, 64, 65, 66, 69, 79, 80, 81, 82, 83, 84, 87, 100, 101, 102, 103, 104, 107, 119, 120, 121, 122, 123, 125, 136, 137, 138, 139, 140], "summary": {"covered_lines": 46, "num_statements": 46, "percent_covered": 100.0, "percent_covered_display": "100", "missing_lines": 0, "excluded_lines": 0, "num_branches": 10, "num_partial_branches": 0, "covered_branches": 10, "missing_branches": 0}, "missing_lines": [], "excluded_lines": [], "executed_branches": [[62, 63], [62, 65], [80, 81], [80, 83], [101, 102], [101, 104], [120, 121], [120, 123], [137, 138], [137, 140]], "missing_branches": [], "functions": {"is_int": {"executed_lines": [16, 17, 18, 19, 20], "summary": {"covered_lines": 5, "num_statements": 5, "percent_covered": 100.0, "percent_covered_display": "100", "missing_lines": 0, "excluded_lines": 0, "num_branches": 0, "num_partial_branches": 0, "covered_branches": 0, "missing_branches": 0}, "missing_lines": [], "excluded_lines": [], "executed_branches": [], "missing_branches": []}, "is_float": {"executed_lines": [32, 33, 34, 35, 36], "summary": {"covered_lines": 5, "num_statements": 5, "percent_covered": 100.0, "percent_covered_display": "100", "missing_lines": 0, "excluded_lines": 0, "num_branches": 0, "num_partial_branches": 0, "covered_branches": 0, "missing_branches": 0}, "missing_lines": [], "excluded_lines": [], "executed_branches": [], "missing_branches": []}, "read_string": {"executed_lines": [48], "summary": {"covered_lines": 1, "num_statements": 1, "percent_covered": 100.0, "percent_covered_display": "100", "missing_lines": 0, "excluded_lines": 0, "num_branches": 0, "num_partial_branches": 0, "covered_branches": 0, "missing_branches": 0}, "missing_lines": [], "excluded_lines": [], "executed_branches": [], "missing_branches": []}, "read_integer": {"executed_lines": [61, 62, 63, 64, 65, 66], "summary": {"covered_lines": 6, "num_statements": 6, "percent_covered": 100.0, "percent_covered_display": "100", "missing_lines": 0, "excluded_lines": 0, "num_branches": 2, "num_partial_branches": 0, "covered_branches": 2, "missing_branches": 0}, "missing_lines": [], "excluded_lines": [], "executed_branches": [[62, 63], [62, 65]], "missing_branches": []}, "read_float": {"executed_lines": [79, 80, 81, 82, 83, 84], "summary": {"covered_lines": 6, "num_statements": 6, "percent_covered": 100.0, "percent_covered_display": "100", "missing_lines": 0, "excluded_lines": 0, "num_branches": 2, "num_partial_branches": 0, "covered_branches": 2, "missing_branches": 0}, "missing_lines": [], "excluded_lines": [], "executed_branches": [[80, 81], [80, 83]], "missing_branches": []}, "read_integer_range": {"executed_lines": [100, 101, 102, 103, 104], "summary": {"covered_lines": 5, "num_statements": 5, "percent_covered": 100.0, "percent_covered_display": "100", "missing_lines": 0, "excluded_lines": 0, "num_branches": 2, "num_partial_branches": 0, "covered_branches": 2, "missing_branches": 0}, "missing_lines": [], "excluded_lines": [], "executed_branches": [[101, 102], [101, 104]], "missing_branches": []}, "read_bool": {"executed_lines": [119, 120, 121, 122, 123], "summary": {"covered_lines": 5, "num_statements": 5, "percent_covered": 100.0, "percent_covered_display": "100", "missing_lines": 0, "excluded_lines": 0, "num_branches": 2, "num_partial_branches": 0, "covered_branches": 2, "missing_branches": 0}, "missing_lines": [], "excluded_lines": [], "executed_branches": [[120, 121], [120, 123]], "missing_branches": []}, "read_password": {"executed_lines": [136, 137, 138, 139, 140], "summary": {"covered_lines": 5, "num_statements": 5, "percent_covered": 100.0, "percent_covered_display": "100", "missing_lines": 0, "excluded_lines": 0, "num_branches": 2, "num_partial_branches": 0, "covered_branches": 2, "missing_branches": 0}, "missing_lines": [], "excluded_lines": [], "executed_branches": [[137, 138], [137, 140]], "missing_branches": []}, "": {"executed_lines": [1, 7, 23, 39, 51, 69, 87, 107, 125], "summary": {"covered_lines": 8, "num_statements": 8, "percent_covered": 100.0, "percent_covered_display": "100", "missing_lines": 0, "excluded_lines": 0, "num_branches": 0, "num_partial_branches": 0, "covered_branches": 0, "missing_branches": 0}, "missing_lines": [], "excluded_lines": [], "executed_branches": [], "missing_branches": []}}, "classes": {"": {"executed_lines": [1, 7, 16, 17, 18, 19, 20, 23, 32, 33, 34, 35, 36, 39, 48, 51, 61, 62, 63, 64, 65, 66, 69, 79, 80, 81, 82, 83, 84, 87, 100, 101, 102, 103, 104, 107, 119, 120, 121, 122, 123, 125, 136, 137, 138, 139, 140], "summary": {"covered_lines": 46, "num_statements": 46, "percent_covered": 100.0, "percent_covered_display": "100", "missing_lines": 0, "excluded_lines": 0, "num_branches": 10, "num_partial_branches": 0, "covered_branches": 10, "missing_branches": 0}, "missing_lines": [], "excluded_lines": [], "executed_branches": [[62, 63], [62, 65], [80, 81], [80, 83], [101, 102], [101, 104], [120, 121], [120, 123], [137, 138], [137, 140]], "missing_branches": []}}}, "src\\waste_not.py": {"executed_lines": [], "summary": {"covered_lines": 0, "num_statements": 9, "percent_covered": 0.0, "percent_covered_display": "0", "missing_lines": 9, "excluded_lines": 0, "num_branches": 2, "num_partial_branches": 0, "covered_branches": 0, "missing_branches": 2}, "missing_lines": [1, 2, 5, 10, 14, 16, 17, 18, 20], "excluded_lines": [], "executed_branches": [], "missing_branches": [[17, 18], [17, 20]], "functions": {"WasteNot.run": {"executed_lines": [], "summary": {"covered_lines": 0, "num_statements": 5, "percent_covered": 0.0, "percent_covered_display": "0", "missing_lines": 5, "excluded_lines": 0, "num_branches": 2, "num_partial_branches": 0, "covered_branches": 0, "missing_branches": 2}, "missing_lines": [14, 16, 17, 18, 20], "excluded_lines": [], "executed_branches": [], "missing_branches": [[17, 18], [17, 20]]}, "": {"executed_lines": [], "summary": {"covered_lines": 0, "num_statements": 4, "percent_covered": 0.0, "percent_covered_display": "0", "missing_lines": 4, "excluded_lines": 0, "num_branches": 0, "num_partial_branches": 0, "covered_branches": 0, "missing_branches": 0}, "missing_lines": [1, 2, 5, 10], "excluded_lines": [], "executed_branches": [], "missing_branches": []}}, "classes": {"WasteNot": {"executed_lines": [], "summary": {"covered_lines": 0, "num_statements": 5, "percent_covered": 0.0, "percent_covered_display": "0", "missing_lines": 5, "excluded_lines": 0, "num_branches": 2, "num_partial_branches": 0, "covered_branches": 0, "missing_branches": 2}, "missing_lines": [14, 16, 17, 18, 20], "excluded_lines": [], "executed_branches": [], "missing_branches": [[17, 18], [17, 20]]}, "": {"executed_lines": [], "summary": {"covered_lines": 0, "num_statements": 4, "percent_covered": 0.0, "percent_covered_display": "0", "missing_lines": 4, "excluded_lines": 0, "num_branches": 0, "num_partial_branches": 0, "covered_branches": 0, "missing_branches": 0}, "missing_lines": [1, 2, 5, 10], "excluded_lines": [], "executed_branches": [], "missing_branches": []}}}}, "totals": {"covered_lines": 596, "num_statements": 707, "percent_covered": 82.1761658031088, "percent_covered_display": "82", "missing_lines": 111, "excluded_lines": 0, "num_branches": 258, "num_partial_branches": 23, "covered_branches": 197, "missing_branches": 61}}